{
  "stats": {
    "suites": 0,
    "tests": 1,
    "passes": 0,
    "pending": 0,
    "failures": 1,
    "start": "2023-10-29T07:41:59.327Z",
    "end": "2023-10-29T07:42:09.657Z",
    "duration": 10330,
    "testsRegistered": 1,
    "passPercent": 0,
    "pendingPercent": 0,
    "other": 0,
    "hasOther": false,
    "skipped": 0,
    "hasSkipped": false
  },
  "results": [
    {
      "uuid": "15054081-f170-48cc-aa01-1a9363429d82",
      "title": "",
      "fullFile": "cypress/integration/dashboard.ts",
      "file": "cypress/integration/dashboard.ts",
      "beforeHooks": [],
      "afterHooks": [],
      "tests": [
        {
          "title": "Add item to cart",
          "fullTitle": "Add item to cart",
          "timedOut": null,
          "duration": 7360,
          "state": "failed",
          "speed": null,
          "pass": false,
          "fail": true,
          "pending": false,
          "context": null,
          "code": "loginPage.login(URL, 'standard_user', 'secret_sauce');\nloginPage.assertLogin();\ndashboardPage.sauceLabsBackpackAddToCart();\ndashboardPage.assertCartItem();",
          "err": {
            "message": "AssertionError: Timed out retrying after 4000ms: Expected to find element: `.peek`, but never found it.",
            "estack": "AssertionError: Timed out retrying after 4000ms: Expected to find element: `.peek`, but never found it.\n    at LoginPage.assertLogin (https://www.saucedemo.com/__cypress/tests?p=cypress\\integration\\dashboard.ts:180:25)\n    at Context.eval (https://www.saucedemo.com/__cypress/tests?p=cypress\\integration\\dashboard.ts:106:15)",
            "diff": null
          },
          "uuid": "780840d8-5613-4287-b0c0-c6a816ee3da5",
          "parentUUID": "15054081-f170-48cc-aa01-1a9363429d82",
          "isHook": false,
          "skipped": false
        }
      ],
      "suites": [],
      "passes": [],
      "failures": [
        "780840d8-5613-4287-b0c0-c6a816ee3da5"
      ],
      "pending": [],
      "skipped": [],
      "duration": 7360,
      "root": true,
      "rootEmpty": false,
      "_timeout": 2000
    }
  ],
  "meta": {
    "mocha": {
      "version": "7.0.1"
    },
    "mochawesome": {
      "options": {
        "quiet": false,
        "reportFilename": "mochawesome",
        "saveHtml": false,
        "saveJson": true,
        "consoleReporter": "spec",
        "useInlineDiffs": false,
        "code": true
      },
      "version": "7.1.3"
    },
    "marge": {
      "options": {
        "chart": true,
        "overwrite": false,
        "html": false,
        "json": true,
        "reportDir": "cypress/reports"
      },
      "version": "6.2.0"
    }
  }
}