{
  "stats": {
    "suites": 0,
    "tests": 1,
    "passes": 1,
    "pending": 0,
    "failures": 0,
    "start": "2023-10-29T08:09:25.596Z",
    "end": "2023-10-29T08:09:31.480Z",
    "duration": 5884,
    "testsRegistered": 1,
    "passPercent": 100,
    "pendingPercent": 0,
    "other": 0,
    "hasOther": false,
    "skipped": 0,
    "hasSkipped": false
  },
  "results": [
    {
      "uuid": "b7425b89-0c39-44bb-8802-55a2287545f3",
      "title": "",
      "fullFile": "cypress/integration/dashboard.ts",
      "file": "cypress/integration/dashboard.ts",
      "beforeHooks": [],
      "afterHooks": [],
      "tests": [
        {
          "title": "Add item to cart",
          "fullTitle": "Add item to cart",
          "timedOut": null,
          "duration": 2963,
          "state": "passed",
          "speed": "fast",
          "pass": true,
          "fail": false,
          "pending": false,
          "context": null,
          "code": "loginPage.login(URL, 'standard_user', 'secret_sauce');\nloginPage.assertLogin();\ndashboardPage.sauceLabsBackpackAddToCart();\ndashboardPage.assertCartItem();",
          "err": {},
          "uuid": "cc7ee358-f605-423b-b564-12657174006d",
          "parentUUID": "b7425b89-0c39-44bb-8802-55a2287545f3",
          "isHook": false,
          "skipped": false
        }
      ],
      "suites": [],
      "passes": [
        "cc7ee358-f605-423b-b564-12657174006d"
      ],
      "failures": [],
      "pending": [],
      "skipped": [],
      "duration": 2963,
      "root": true,
      "rootEmpty": false,
      "_timeout": 2000
    }
  ],
  "meta": {
    "mocha": {
      "version": "7.0.1"
    },
    "mochawesome": {
      "options": {
        "quiet": false,
        "reportFilename": "mochawesome",
        "saveHtml": false,
        "saveJson": true,
        "consoleReporter": "spec",
        "useInlineDiffs": false,
        "code": true
      },
      "version": "7.1.3"
    },
    "marge": {
      "options": {
        "chart": true,
        "overwrite": false,
        "html": false,
        "json": true,
        "reportDir": "cypress/reports"
      },
      "version": "6.2.0"
    }
  }
}