{
  "stats": {
    "suites": 0,
    "tests": 1,
    "passes": 1,
    "pending": 0,
    "failures": 0,
    "start": "2023-10-29T08:02:58.823Z",
    "end": "2023-10-29T08:03:03.666Z",
    "duration": 4843,
    "testsRegistered": 1,
    "passPercent": 100,
    "pendingPercent": 0,
    "other": 0,
    "hasOther": false,
    "skipped": 0,
    "hasSkipped": false
  },
  "results": [
    {
      "uuid": "f32f6bec-1568-4a3e-aed1-610ba2ed126f",
      "title": "",
      "fullFile": "cypress/integration/dashboard.ts",
      "file": "cypress/integration/dashboard.ts",
      "beforeHooks": [],
      "afterHooks": [],
      "tests": [
        {
          "title": "Add item to cart",
          "fullTitle": "Add item to cart",
          "timedOut": null,
          "duration": 2941,
          "state": "passed",
          "speed": "fast",
          "pass": true,
          "fail": false,
          "pending": false,
          "context": null,
          "code": "loginPage.login(URL, 'standard_user', 'secret_sauce');\nloginPage.assertLogin();\ndashboardPage.sauceLabsBackpackAddToCart();\ndashboardPage.assertCartItem();",
          "err": {},
          "uuid": "af7ea5b0-9d3a-4c5d-a560-0fd3f09dd025",
          "parentUUID": "f32f6bec-1568-4a3e-aed1-610ba2ed126f",
          "isHook": false,
          "skipped": false
        }
      ],
      "suites": [],
      "passes": [
        "af7ea5b0-9d3a-4c5d-a560-0fd3f09dd025"
      ],
      "failures": [],
      "pending": [],
      "skipped": [],
      "duration": 2941,
      "root": true,
      "rootEmpty": false,
      "_timeout": 2000
    }
  ],
  "meta": {
    "mocha": {
      "version": "7.0.1"
    },
    "mochawesome": {
      "options": {
        "quiet": false,
        "reportFilename": "mochawesome",
        "saveHtml": false,
        "saveJson": true,
        "consoleReporter": "spec",
        "useInlineDiffs": false,
        "code": true
      },
      "version": "7.1.3"
    },
    "marge": {
      "options": {
        "chart": true,
        "overwrite": false,
        "html": false,
        "json": true,
        "reportDir": "cypress/reports"
      },
      "version": "6.2.0"
    }
  }
}