{
  "stats": {
    "suites": 0,
    "tests": 1,
    "passes": 0,
    "pending": 0,
    "failures": 1,
    "start": "2023-10-29T07:42:37.711Z",
    "end": "2023-10-29T07:42:44.670Z",
    "duration": 6959,
    "testsRegistered": 1,
    "passPercent": 0,
    "pendingPercent": 0,
    "other": 0,
    "hasOther": false,
    "skipped": 0,
    "hasSkipped": false
  },
  "results": [
    {
      "uuid": "8275b2b8-5499-4337-b73e-81db76b334e5",
      "title": "",
      "fullFile": "cypress/integration/yourCart.ts",
      "file": "cypress/integration/yourCart.ts",
      "beforeHooks": [],
      "afterHooks": [],
      "tests": [
        {
          "title": "Remove item from cart",
          "fullTitle": "Remove item from cart",
          "timedOut": null,
          "duration": 5760,
          "state": "failed",
          "speed": null,
          "pass": false,
          "fail": true,
          "pending": false,
          "context": null,
          "code": "loginPage.login(URL, 'standard_user', 'secret_sauce');\nloginPage.assertLogin();\ndashboardPage.sauceLabsBackpackAddToCart();\ndashboardPage.assertCartItem();\nyourCartPage.removeItemBackpack();\nyourCartPage.assertItemBackpack();",
          "err": {
            "message": "AssertionError: Timed out retrying after 4000ms: Expected to find element: `.peek`, but never found it.",
            "estack": "AssertionError: Timed out retrying after 4000ms: Expected to find element: `.peek`, but never found it.\n    at LoginPage.assertLogin (https://www.saucedemo.com/__cypress/tests?p=cypress\\integration\\yourCart.ts:155:25)\n    at Context.eval (https://www.saucedemo.com/__cypress/tests?p=cypress\\integration\\yourCart.ts:216:15)",
            "diff": null
          },
          "uuid": "830d5f44-b7a3-4bfb-ba9b-5703b236c1bc",
          "parentUUID": "8275b2b8-5499-4337-b73e-81db76b334e5",
          "isHook": false,
          "skipped": false
        }
      ],
      "suites": [],
      "passes": [],
      "failures": [
        "830d5f44-b7a3-4bfb-ba9b-5703b236c1bc"
      ],
      "pending": [],
      "skipped": [],
      "duration": 5760,
      "root": true,
      "rootEmpty": false,
      "_timeout": 2000
    }
  ],
  "meta": {
    "mocha": {
      "version": "7.0.1"
    },
    "mochawesome": {
      "options": {
        "quiet": false,
        "reportFilename": "mochawesome",
        "saveHtml": false,
        "saveJson": true,
        "consoleReporter": "spec",
        "useInlineDiffs": false,
        "code": true
      },
      "version": "7.1.3"
    },
    "marge": {
      "options": {
        "chart": true,
        "overwrite": false,
        "html": false,
        "json": true,
        "reportDir": "cypress/reports"
      },
      "version": "6.2.0"
    }
  }
}