{
  "stats": {
    "suites": 0,
    "tests": 1,
    "passes": 0,
    "pending": 0,
    "failures": 1,
    "start": "2023-10-29T08:03:22.300Z",
    "end": "2023-10-29T08:03:29.915Z",
    "duration": 7615,
    "testsRegistered": 1,
    "passPercent": 0,
    "pendingPercent": 0,
    "other": 0,
    "hasOther": false,
    "skipped": 0,
    "hasSkipped": false
  },
  "results": [
    {
      "uuid": "5072707f-e01a-41f5-86ed-75ee5523e8c2",
      "title": "",
      "fullFile": "cypress/integration/yourCart.ts",
      "file": "cypress/integration/yourCart.ts",
      "beforeHooks": [],
      "afterHooks": [],
      "tests": [
        {
          "title": "Remove item from cart",
          "fullTitle": "Remove item from cart",
          "timedOut": null,
          "duration": 6066,
          "state": "failed",
          "speed": null,
          "pass": false,
          "fail": true,
          "pending": false,
          "context": null,
          "code": "loginPage.login(URL, 'standard_user', 'secret_sauce');\nloginPage.assertLogin();\ndashboardPage.sauceLabsBackpackAddToCart();\ndashboardPage.assertCartItem();\nyourCartPage.removeItemBackpack();\nyourCartPage.assertItemBackpack();",
          "err": {
            "message": "AssertionError: Timed out retrying after 4000ms: Expected to find element: `[id=\"remove-sauce-labs-backpack\"]`, but never found it.",
            "estack": "AssertionError: Timed out retrying after 4000ms: Expected to find element: `[id=\"remove-sauce-labs-backpack\"]`, but never found it.\n    at YourCartPage.assertItemBackpack (https://www.saucedemo.com/__cypress/tests?p=cypress\\integration\\yourCart.ts:190:53)\n    at Context.eval (https://www.saucedemo.com/__cypress/tests?p=cypress\\integration\\yourCart.ts:221:18)",
            "diff": null
          },
          "uuid": "92e4e0a7-1bdc-4ea9-8eb3-0eddbfebd144",
          "parentUUID": "5072707f-e01a-41f5-86ed-75ee5523e8c2",
          "isHook": false,
          "skipped": false
        }
      ],
      "suites": [],
      "passes": [],
      "failures": [
        "92e4e0a7-1bdc-4ea9-8eb3-0eddbfebd144"
      ],
      "pending": [],
      "skipped": [],
      "duration": 6066,
      "root": true,
      "rootEmpty": false,
      "_timeout": 2000
    }
  ],
  "meta": {
    "mocha": {
      "version": "7.0.1"
    },
    "mochawesome": {
      "options": {
        "quiet": false,
        "reportFilename": "mochawesome",
        "saveHtml": false,
        "saveJson": true,
        "consoleReporter": "spec",
        "useInlineDiffs": false,
        "code": true
      },
      "version": "7.1.3"
    },
    "marge": {
      "options": {
        "chart": true,
        "overwrite": false,
        "html": false,
        "json": true,
        "reportDir": "cypress/reports"
      },
      "version": "6.2.0"
    }
  }
}