{
  "stats": {
    "suites": 0,
    "tests": 1,
    "passes": 1,
    "pending": 0,
    "failures": 0,
    "start": "2023-10-29T08:13:35.009Z",
    "end": "2023-10-29T08:13:38.569Z",
    "duration": 3560,
    "testsRegistered": 1,
    "passPercent": 100,
    "pendingPercent": 0,
    "other": 0,
    "hasOther": false,
    "skipped": 0,
    "hasSkipped": false
  },
  "results": [
    {
      "uuid": "1d1b9517-c62d-4777-87a1-3adf661dc951",
      "title": "",
      "fullFile": "cypress/integration/yourCart.ts",
      "file": "cypress/integration/yourCart.ts",
      "beforeHooks": [],
      "afterHooks": [],
      "tests": [
        {
          "title": "Remove item from cart",
          "fullTitle": "Remove item from cart",
          "timedOut": null,
          "duration": 1987,
          "state": "passed",
          "speed": "fast",
          "pass": true,
          "fail": false,
          "pending": false,
          "context": null,
          "code": "loginPage.login(URL, 'standard_user', 'secret_sauce');\nloginPage.assertLogin();\ndashboardPage.sauceLabsBackpackAddToCart();\ndashboardPage.assertCartItem();\ndashboardPage.moveToCartPage();\nyourCartPage.removeItemBackpack();\nyourCartPage.assertItemBackpack();",
          "err": {},
          "uuid": "494efcc6-9e77-40fa-93c7-f2680d62a863",
          "parentUUID": "1d1b9517-c62d-4777-87a1-3adf661dc951",
          "isHook": false,
          "skipped": false
        }
      ],
      "suites": [],
      "passes": [
        "494efcc6-9e77-40fa-93c7-f2680d62a863"
      ],
      "failures": [],
      "pending": [],
      "skipped": [],
      "duration": 1987,
      "root": true,
      "rootEmpty": false,
      "_timeout": 2000
    }
  ],
  "meta": {
    "mocha": {
      "version": "7.0.1"
    },
    "mochawesome": {
      "options": {
        "quiet": false,
        "reportFilename": "mochawesome",
        "saveHtml": false,
        "saveJson": true,
        "consoleReporter": "spec",
        "useInlineDiffs": false,
        "code": true
      },
      "version": "7.1.3"
    },
    "marge": {
      "options": {
        "chart": true,
        "overwrite": false,
        "html": false,
        "json": true,
        "reportDir": "cypress/reports"
      },
      "version": "6.2.0"
    }
  }
}